<?xml version="1.0" encoding="UTF-8"?>
<testng-results skipped="0" failed="1" ignored="0" total="1" passed="0">
  <reporter-output>
    <line>
      <![CDATA[[[ChromeDriver: chrome on WINDOWS (aaad8bdfd282df79dc064903aa835ab7)] -> xpath: (//span[contains(text(),'Mortgage')])[1]] :This element has been clicked<br>]]>
    </line>
    <line>
      <![CDATA[[[ChromeDriver: chrome on WINDOWS (aaad8bdfd282df79dc064903aa835ab7)] -> xpath: //span[@class='truist-globalnav-header-linktext' and contains(text(), 'Mortgage')]] :This element has been clicked<br>]]>
    </line>
    <line>
      <![CDATA[Proxy element for: DefaultElementLocator 'By.xpath: //div[@class='author-cta-styling global-cta-btn']//child::a[@href='/mortgage/buy-home']' :This element is not found<br>]]>
    </line>
  </reporter-output>
  <suite name="Suite" duration-ms="69201" started-at="2022-08-14T03:47:37Z" finished-at="2022-08-14T03:48:46Z">
    <groups>
    </groups>
    <test name="Test" duration-ms="69201" started-at="2022-08-14T03:47:37Z" finished-at="2022-08-14T03:48:46Z">
      <class name="com.truist.qa.openAccount.TestOpenMortgage">
        <test-method status="PASS" signature="setUp(java.lang.String)[pri:0, instance:com.truist.qa.openAccount.TestOpenMortgage@19bb07ed]" name="setUp" is-config="true" duration-ms="8741" started-at="2022-08-14T03:47:37Z" finished-at="2022-08-14T03:47:46Z">
          <params>
            <param index="0">
              <value>
                <![CDATA[chrome]]>
              </value>
            </param>
          </params>
          <reporter-output>
          </reporter-output>
        </test-method> <!-- setUp -->
        <test-method status="FAIL" signature="openMortgageAccount()[pri:0, instance:com.truist.qa.openAccount.TestOpenMortgage@19bb07ed]" name="openMortgageAccount" duration-ms="60425" started-at="2022-08-14T03:47:46Z" finished-at="2022-08-14T03:48:46Z">
          <exception class="java.lang.AssertionError">
            <message>
              <![CDATA[null]]>
            </message>
            <full-stacktrace>
              <![CDATA[java.lang.AssertionError: null
at org.testng.Assert.fail(Assert.java:96)
at org.testng.Assert.fail(Assert.java:103)
at commons.Commons.javaScriptClick(Commons.java:106)
at objects.OpenMortgagePage.clickBuyHome(OpenMortgagePage.java:51)
at objects.OpenMortgagePage.openMortgageSteps(OpenMortgagePage.java:72)
at com.truist.qa.openAccount.TestOpenMortgage.openMortgageAccount(TestOpenMortgage.java:11)
at sun.reflect.NativeMethodAccessorImpl.invoke0(Native Method)
at sun.reflect.NativeMethodAccessorImpl.invoke(NativeMethodAccessorImpl.java:62)
at sun.reflect.DelegatingMethodAccessorImpl.invoke(DelegatingMethodAccessorImpl.java:43)
at java.lang.reflect.Method.invoke(Method.java:498)
at org.testng.internal.MethodInvocationHelper.invokeMethod(MethodInvocationHelper.java:124)
at org.testng.internal.Invoker.invokeMethod(Invoker.java:583)
at org.testng.internal.Invoker.invokeTestMethod(Invoker.java:719)
at org.testng.internal.Invoker.invokeTestMethods(Invoker.java:989)
at org.testng.internal.TestMethodWorker.invokeTestMethods(TestMethodWorker.java:125)
at org.testng.internal.TestMethodWorker.run(TestMethodWorker.java:109)
at org.testng.TestRunner.privateRun(TestRunner.java:648)
at org.testng.TestRunner.run(TestRunner.java:505)
at org.testng.SuiteRunner.runTest(SuiteRunner.java:455)
at org.testng.SuiteRunner.runSequentially(SuiteRunner.java:450)
at org.testng.SuiteRunner.privateRun(SuiteRunner.java:415)
at org.testng.SuiteRunner.run(SuiteRunner.java:364)
at org.testng.SuiteRunnerWorker.runSuite(SuiteRunnerWorker.java:52)
at org.testng.SuiteRunnerWorker.run(SuiteRunnerWorker.java:84)
at org.testng.TestNG.runSuitesSequentially(TestNG.java:1208)
at org.testng.TestNG.runSuitesLocally(TestNG.java:1137)
at org.testng.TestNG.runSuites(TestNG.java:1049)
at org.testng.TestNG.run(TestNG.java:1017)
at org.testng.remote.AbstractRemoteTestNG.run(AbstractRemoteTestNG.java:115)
at org.testng.remote.RemoteTestNG.initAndRun(RemoteTestNG.java:251)
at org.testng.remote.RemoteTestNG.main(RemoteTestNG.java:77)
]]>
            </full-stacktrace>
          </exception> <!-- java.lang.AssertionError -->
          <reporter-output>
            <line>
              <![CDATA[[[ChromeDriver: chrome on WINDOWS (aaad8bdfd282df79dc064903aa835ab7)] -> xpath: (//span[contains(text(),'Mortgage')])[1]] :This element has been clicked<br>]]>
            </line>
            <line>
              <![CDATA[[[ChromeDriver: chrome on WINDOWS (aaad8bdfd282df79dc064903aa835ab7)] -> xpath: //span[@class='truist-globalnav-header-linktext' and contains(text(), 'Mortgage')]] :This element has been clicked<br>]]>
            </line>
            <line>
              <![CDATA[Proxy element for: DefaultElementLocator 'By.xpath: //div[@class='author-cta-styling global-cta-btn']//child::a[@href='/mortgage/buy-home']' :This element is not found<br>]]>
            </line>
          </reporter-output>
        </test-method> <!-- openMortgageAccount -->
        <test-method status="PASS" signature="terminate()[pri:0, instance:com.truist.qa.openAccount.TestOpenMortgage@19bb07ed]" name="terminate" is-config="true" duration-ms="0" started-at="2022-08-14T03:48:46Z" finished-at="2022-08-14T03:48:46Z">
          <reporter-output>
          </reporter-output>
        </test-method> <!-- terminate -->
      </class> <!-- com.truist.qa.openAccount.TestOpenMortgage -->
    </test> <!-- Test -->
  </suite> <!-- Suite -->
</testng-results>
